<?xml version="1.0" encoding="UTF-8"?>
<testsuite name="br.com.sicredi.automation_web.tests.RunTest" tests="0" skipped="0" failures="0" errors="0" timestamp="1970-01-01T00:00:00" hostname="DESKTOP-U2C107C" time="0.0">
  <properties/>
  <system-out><![CDATA[
1 Scenarios (?[32m1 passed?[0m)
25 Steps (?[32m25 passed?[0m)
0m42,783s

]]></system-out>
  <system-err><![CDATA[]]></system-err>
</testsuite>
